<?xml version="1.0" ?>
<!DOCTYPE coverage SYSTEM "http://cobertura.sourceforge.net/xml/coverage-04.dtd">
<coverage lines-valid="59" lines-covered="13" line-rate="0.22030000000000002" branches-valid="24" branches-covered="6" branch-rate="0.25" timestamp="1561303484737" complexity="0" version="0.1">
  <sources>
    <source>/Users/ainulya/Documents/Frontend/zomato</source>
  </sources>
  <packages>
    <package name="components.Layout" line-rate="0" branch-rate="0">
      <classes>
        <class name="index.js" filename="src/components/Layout/index.js" line-rate="0" branch-rate="0">
          <methods>
            <method name="(anonymous_0)" hits="0" signature="()V">
              <lines>
                <line number="11" hits="0"/>
              </lines>
            </method>
            <method name="(anonymous_1)" hits="0" signature="()V">
              <lines>
                <line number="31" hits="0"/>
              </lines>
            </method>
          </methods>
          <lines>
            <line number="11" hits="0" branch="false"/>
            <line number="19" hits="0" branch="false"/>
            <line number="32" hits="0" branch="true" condition-coverage="0% (0/2)"/>
            <line number="33" hits="0" branch="false"/>
            <line number="99" hits="0" branch="false"/>
            <line number="107" hits="0" branch="false"/>
          </lines>
        </class>
      </classes>
    </package>
    <package name="components.Layout.Container" line-rate="1" branch-rate="1">
      <classes>
        <class name="index.js" filename="src/components/Layout/Container/index.js" line-rate="1" branch-rate="1">
          <methods>
          </methods>
          <lines>
            <line number="3" hits="1" branch="false"/>
          </lines>
        </class>
      </classes>
    </package>
    <package name="components.Layout.Section" line-rate="1" branch-rate="1">
      <classes>
        <class name="index.js" filename="src/components/Layout/Section/index.js" line-rate="1" branch-rate="1">
          <methods>
            <method name="(anonymous_0)" hits="2" signature="()V">
              <lines>
                <line number="22" hits="2"/>
              </lines>
            </method>
          </methods>
          <lines>
            <line number="5" hits="1" branch="false"/>
            <line number="22" hits="1" branch="false"/>
            <line number="29" hits="2" branch="false"/>
            <line number="30" hits="2" branch="false"/>
            <line number="38" hits="1" branch="false"/>
            <line number="45" hits="1" branch="false"/>
          </lines>
        </class>
      </classes>
    </package>
    <package name="components.Seo" line-rate="1" branch-rate="1">
      <classes>
        <class name="index.js" filename="src/components/Seo/index.js" line-rate="1" branch-rate="1">
          <methods>
            <method name="(anonymous_0)" hits="2" signature="()V">
              <lines>
                <line number="6" hits="2"/>
              </lines>
            </method>
            <method name="(anonymous_1)" hits="2" signature="()V">
              <lines>
                <line number="25" hits="2"/>
              </lines>
            </method>
          </methods>
          <lines>
            <line number="6" hits="1" branch="false"/>
            <line number="13" hits="2" branch="false"/>
            <line number="26" hits="2" branch="true" condition-coverage="100% (2/2)"/>
            <line number="27" hits="2" branch="false"/>
            <line number="83" hits="1" branch="false"/>
            <line number="91" hits="1" branch="false"/>
          </lines>
        </class>
      </classes>
    </package>
    <package name="pages" line-rate="1" branch-rate="1">
      <classes>
        <class name="index.js" filename="src/pages/index.js" line-rate="0" branch-rate="0">
          <methods>
          </methods>
          <lines>
          </lines>
        </class>
      </classes>
    </package>
    <package name="pages.404" line-rate="0" branch-rate="1">
      <classes>
        <class name="index.js" filename="src/pages/404/index.js" line-rate="0" branch-rate="1">
          <methods>
            <method name="(anonymous_0)" hits="0" signature="()V">
              <lines>
                <line number="5" hits="0"/>
              </lines>
            </method>
          </methods>
          <lines>
            <line number="5" hits="0" branch="false"/>
            <line number="6" hits="0" branch="false"/>
          </lines>
        </class>
      </classes>
    </package>
    <package name="pages.Home" line-rate="0" branch-rate="0">
      <classes>
        <class name="index.js" filename="src/pages/Home/index.js" line-rate="0" branch-rate="0">
          <methods>
            <method name="(anonymous_0)" hits="0" signature="()V">
              <lines>
                <line number="25" hits="0"/>
              </lines>
            </method>
            <method name="(anonymous_1)" hits="0" signature="()V">
              <lines>
                <line number="32" hits="0"/>
              </lines>
            </method>
            <method name="(anonymous_2)" hits="0" signature="()V">
              <lines>
                <line number="40" hits="0"/>
              </lines>
            </method>
            <method name="(anonymous_3)" hits="0" signature="()V">
              <lines>
                <line number="45" hits="0"/>
              </lines>
            </method>
            <method name="(anonymous_4)" hits="0" signature="()V">
              <lines>
                <line number="47" hits="0"/>
              </lines>
            </method>
            <method name="(anonymous_5)" hits="0" signature="()V">
              <lines>
                <line number="55" hits="0"/>
              </lines>
            </method>
            <method name="(anonymous_6)" hits="0" signature="()V">
              <lines>
                <line number="66" hits="0"/>
              </lines>
            </method>
            <method name="(anonymous_7)" hits="0" signature="()V">
              <lines>
                <line number="69" hits="0"/>
              </lines>
            </method>
            <method name="(anonymous_8)" hits="0" signature="()V">
              <lines>
                <line number="80" hits="0"/>
              </lines>
            </method>
            <method name="(anonymous_9)" hits="0" signature="()V">
              <lines>
                <line number="82" hits="0"/>
              </lines>
            </method>
          </methods>
          <lines>
            <line number="19" hits="0" branch="false"/>
            <line number="20" hits="0" branch="false"/>
            <line number="21" hits="0" branch="false"/>
            <line number="26" hits="0" branch="false"/>
            <line number="27" hits="0" branch="false"/>
            <line number="33" hits="0" branch="false"/>
            <line number="37" hits="0" branch="false"/>
            <line number="40" hits="0" branch="false"/>
            <line number="41" hits="0" branch="false"/>
            <line number="42" hits="0" branch="false"/>
            <line number="45" hits="0" branch="false"/>
            <line number="47" hits="0" branch="false"/>
            <line number="48" hits="0" branch="false"/>
            <line number="49" hits="0" branch="true" condition-coverage="0% (0/2)"/>
            <line number="50" hits="0" branch="false"/>
            <line number="51" hits="0" branch="false"/>
            <line number="55" hits="0" branch="false"/>
            <line number="56" hits="0" branch="true" condition-coverage="0% (0/2)"/>
            <line number="57" hits="0" branch="false"/>
            <line number="59" hits="0" branch="false"/>
            <line number="66" hits="0" branch="false"/>
            <line number="67" hits="0" branch="false"/>
            <line number="69" hits="0" branch="false"/>
            <line number="80" hits="0" branch="false"/>
            <line number="85" hits="0" branch="false"/>
            <line number="86" hits="0" branch="true" condition-coverage="0% (0/2)"/>
            <line number="87" hits="0" branch="false"/>
            <line number="88" hits="0" branch="false"/>
            <line number="110" hits="0" branch="false"/>
            <line number="117" hits="0" branch="false"/>
          </lines>
        </class>
      </classes>
    </package>
    <package name="pages.Home.components" line-rate="0" branch-rate="0">
      <classes>
        <class name="Detail.js" filename="src/pages/Home/components/Detail.js" line-rate="0" branch-rate="0">
          <methods>
            <method name="(anonymous_0)" hits="0" signature="()V">
              <lines>
                <line number="9" hits="0"/>
              </lines>
            </method>
          </methods>
          <lines>
            <line number="7" hits="0" branch="false"/>
            <line number="9" hits="0" branch="false"/>
            <line number="10" hits="0" branch="false"/>
            <line number="11" hits="0" branch="true" condition-coverage="0% (0/2)"/>
            <line number="12" hits="0" branch="false"/>
            <line number="14" hits="0" branch="false"/>
            <line number="25" hits="0" branch="false"/>
            <line number="30" hits="0" branch="false"/>
          </lines>
        </class>
      </classes>
    </package>
  </packages>
</coverage>
