{"/Users/ainulya/Documents/Frontend/zomato/src/components/Layout/index.js": {"path":"/Users/ainulya/Documents/Frontend/zomato/src/components/Layout/index.js","statementMap":{"0":{"start":{"line":11,"column":15},"end":{"line":96,"column":1}},"1":{"start":{"line":19,"column":2},"end":{"line":95,"column":4}},"2":{"start":{"line":32,"column":30},"end":{"line":32,"column":74}},"3":{"start":{"line":33,"column":6},"end":{"line":93,"column":8}},"4":{"start":{"line":99,"column":0},"end":{"line":105,"column":2}},"5":{"start":{"line":107,"column":0},"end":{"line":114,"column":2}}},"fnMap":{"0":{"name":"(anonymous_0)","decl":{"start":{"line":11,"column":15},"end":{"line":11,"column":16}},"loc":{"start":{"line":19,"column":2},"end":{"line":95,"column":4}},"line":19},"1":{"name":"(anonymous_1)","decl":{"start":{"line":31,"column":12},"end":{"line":31,"column":13}},"loc":{"start":{"line":31,"column":26},"end":{"line":94,"column":5}},"line":31}},"branchMap":{"0":{"loc":{"start":{"line":32,"column":30},"end":{"line":32,"column":74}},"type":"binary-expr","locations":[{"start":{"line":32,"column":30},"end":{"line":32,"column":41}},{"start":{"line":32,"column":45},"end":{"line":32,"column":74}}],"line":32},"1":{"loc":{"start":{"line":76,"column":14},"end":{"line":81,"column":20}},"type":"cond-expr","locations":[{"start":{"line":77,"column":18},"end":{"line":80,"column":19}},{"start":{"line":81,"column":18},"end":{"line":81,"column":20}}],"line":76}},"s":{"0":0,"1":0,"2":0,"3":0,"4":0,"5":0},"f":{"0":0,"1":0},"b":{"0":[0,0],"1":[0,0]},"hash":"0277fe979aef8b7b5ba49d6068912db139e3a65a"}
,"/Users/ainulya/Documents/Frontend/zomato/src/components/Layout/Container/index.js": {"path":"/Users/ainulya/Documents/Frontend/zomato/src/components/Layout/Container/index.js","statementMap":{"0":{"start":{"line":3,"column":18},"end":{"line":13,"column":1}}},"fnMap":{},"branchMap":{},"s":{"0":1},"f":{},"b":{},"_coverageSchema":"43e27e138ebf9cfc5966b082cf9a028302ed4184","hash":"3d9a713ee9fc68e893952c105194a9e928e54279"}
,"/Users/ainulya/Documents/Frontend/zomato/src/components/Layout/Section/index.js": {"path":"/Users/ainulya/Documents/Frontend/zomato/src/components/Layout/Section/index.js","statementMap":{"0":{"start":{"line":5,"column":23},"end":{"line":21,"column":1}},"1":{"start":{"line":22,"column":16},"end":{"line":36,"column":1}},"2":{"start":{"line":29,"column":6},"end":{"line":29,"column":11}},"3":{"start":{"line":30,"column":2},"end":{"line":35,"column":4}},"4":{"start":{"line":38,"column":0},"end":{"line":43,"column":2}},"5":{"start":{"line":45,"column":0},"end":{"line":50,"column":2}}},"fnMap":{"0":{"name":"(anonymous_0)","decl":{"start":{"line":22,"column":16},"end":{"line":22,"column":17}},"loc":{"start":{"line":22,"column":27},"end":{"line":36,"column":1}},"line":22}},"branchMap":{"0":{"loc":{"start":{"line":32,"column":7},"end":{"line":32,"column":99}},"type":"binary-expr","locations":[{"start":{"line":32,"column":7},"end":{"line":32,"column":12}},{"start":{"line":32,"column":16},"end":{"line":32,"column":99}}],"line":32}},"s":{"0":1,"1":1,"2":2,"3":2,"4":1,"5":1},"f":{"0":2},"b":{"0":[2,1]},"_coverageSchema":"43e27e138ebf9cfc5966b082cf9a028302ed4184","hash":"2eec58e67d01092547b8819a1f7a6b7c0f0e874a"}
,"/Users/ainulya/Documents/Frontend/zomato/src/components/Seo/index.js": {"path":"/Users/ainulya/Documents/Frontend/zomato/src/components/Seo/index.js","statementMap":{"0":{"start":{"line":6,"column":12},"end":{"line":81,"column":1}},"1":{"start":{"line":13,"column":2},"end":{"line":80,"column":4}},"2":{"start":{"line":26,"column":30},"end":{"line":26,"column":74}},"3":{"start":{"line":27,"column":6},"end":{"line":78,"column":8}},"4":{"start":{"line":83,"column":0},"end":{"line":89,"column":2}},"5":{"start":{"line":91,"column":0},"end":{"line":97,"column":2}}},"fnMap":{"0":{"name":"(anonymous_0)","decl":{"start":{"line":6,"column":12},"end":{"line":6,"column":13}},"loc":{"start":{"line":13,"column":2},"end":{"line":80,"column":4}},"line":13},"1":{"name":"(anonymous_1)","decl":{"start":{"line":25,"column":12},"end":{"line":25,"column":13}},"loc":{"start":{"line":25,"column":26},"end":{"line":79,"column":5}},"line":25}},"branchMap":{"0":{"loc":{"start":{"line":26,"column":30},"end":{"line":26,"column":74}},"type":"binary-expr","locations":[{"start":{"line":26,"column":30},"end":{"line":26,"column":41}},{"start":{"line":26,"column":45},"end":{"line":26,"column":74}}],"line":26},"1":{"loc":{"start":{"line":69,"column":14},"end":{"line":74,"column":20}},"type":"cond-expr","locations":[{"start":{"line":70,"column":18},"end":{"line":73,"column":19}},{"start":{"line":74,"column":18},"end":{"line":74,"column":20}}],"line":69}},"s":{"0":1,"1":2,"2":2,"3":2,"4":1,"5":1},"f":{"0":2,"1":2},"b":{"0":[2,2],"1":[1,1]},"_coverageSchema":"43e27e138ebf9cfc5966b082cf9a028302ed4184","hash":"3fe7bdbf3ae93cdfdce4e00c82003b4d446a3aa9"}
,"/Users/ainulya/Documents/Frontend/zomato/src/pages/index.js": {"path":"/Users/ainulya/Documents/Frontend/zomato/src/pages/index.js","statementMap":{},"fnMap":{},"branchMap":{},"s":{},"f":{},"b":{},"hash":"2e7d54f73a1f6ead5e4b6c63847675320687db68"}
,"/Users/ainulya/Documents/Frontend/zomato/src/pages/404/index.js": {"path":"/Users/ainulya/Documents/Frontend/zomato/src/pages/404/index.js","statementMap":{"0":{"start":{"line":5,"column":21},"end":{"line":15,"column":1}},"1":{"start":{"line":6,"column":2},"end":{"line":14,"column":14}}},"fnMap":{"0":{"name":"(anonymous_0)","decl":{"start":{"line":5,"column":21},"end":{"line":5,"column":22}},"loc":{"start":{"line":6,"column":2},"end":{"line":14,"column":14}},"line":6}},"branchMap":{},"s":{"0":0,"1":0},"f":{"0":0},"b":{},"hash":"4ffe3b58544b5964dd4fb54003db95747308fbec"}
,"/Users/ainulya/Documents/Frontend/zomato/src/pages/Home/index.js": {"path":"/Users/ainulya/Documents/Frontend/zomato/src/pages/Home/index.js","statementMap":{"0":{"start":{"line":19,"column":17},"end":{"line":19,"column":21}},"1":{"start":{"line":20,"column":18},"end":{"line":20,"column":28}},"2":{"start":{"line":21,"column":15},"end":{"line":23,"column":1}},"3":{"start":{"line":26,"column":4},"end":{"line":26,"column":17}},"4":{"start":{"line":27,"column":4},"end":{"line":29,"column":6}},"5":{"start":{"line":33,"column":19},"end":{"line":36,"column":5}},"6":{"start":{"line":37,"column":4},"end":{"line":37,"column":43}},"7":{"start":{"line":40,"column":15},"end":{"line":43,"column":3}},"8":{"start":{"line":41,"column":4},"end":{"line":41,"column":39}},"9":{"start":{"line":42,"column":4},"end":{"line":42,"column":42}},"10":{"start":{"line":45,"column":9},"end":{"line":45,"column":53}},"11":{"start":{"line":45,"column":15},"end":{"line":45,"column":53}},"12":{"start":{"line":47,"column":11},"end":{"line":53,"column":3}},"13":{"start":{"line":48,"column":23},"end":{"line":48,"column":33}},"14":{"start":{"line":49,"column":4},"end":{"line":52,"column":5}},"15":{"start":{"line":50,"column":19},"end":{"line":50,"column":32}},"16":{"start":{"line":51,"column":6},"end":{"line":51,"column":43}},"17":{"start":{"line":55,"column":16},"end":{"line":64,"column":3}},"18":{"start":{"line":56,"column":4},"end":{"line":58,"column":5}},"19":{"start":{"line":57,"column":6},"end":{"line":57,"column":45}},"20":{"start":{"line":59,"column":4},"end":{"line":63,"column":6}},"21":{"start":{"line":66,"column":15},"end":{"line":78,"column":3}},"22":{"start":{"line":67,"column":4},"end":{"line":77,"column":6}},"23":{"start":{"line":69,"column":23},"end":{"line":69,"column":47}},"24":{"start":{"line":80,"column":16},"end":{"line":80,"column":57}},"25":{"start":{"line":80,"column":22},"end":{"line":80,"column":57}},"26":{"start":{"line":85,"column":8},"end":{"line":85,"column":18}},"27":{"start":{"line":86,"column":20},"end":{"line":86,"column":55}},"28":{"start":{"line":87,"column":29},"end":{"line":87,"column":39}},"29":{"start":{"line":88,"column":4},"end":{"line":106,"column":6}},"30":{"start":{"line":110,"column":24},"end":{"line":116,"column":2}},"31":{"start":{"line":117,"column":27},"end":{"line":120,"column":1}}},"fnMap":{"0":{"name":"(anonymous_0)","decl":{"start":{"line":25,"column":2},"end":{"line":25,"column":3}},"loc":{"start":{"line":25,"column":21},"end":{"line":30,"column":3}},"line":25},"1":{"name":"(anonymous_1)","decl":{"start":{"line":32,"column":2},"end":{"line":32,"column":3}},"loc":{"start":{"line":32,"column":22},"end":{"line":38,"column":3}},"line":32},"2":{"name":"(anonymous_2)","decl":{"start":{"line":40,"column":15},"end":{"line":40,"column":16}},"loc":{"start":{"line":40,"column":23},"end":{"line":43,"column":3}},"line":40},"3":{"name":"(anonymous_3)","decl":{"start":{"line":45,"column":9},"end":{"line":45,"column":10}},"loc":{"start":{"line":45,"column":15},"end":{"line":45,"column":53}},"line":45},"4":{"name":"(anonymous_4)","decl":{"start":{"line":47,"column":11},"end":{"line":47,"column":12}},"loc":{"start":{"line":47,"column":17},"end":{"line":53,"column":3}},"line":47},"5":{"name":"(anonymous_5)","decl":{"start":{"line":55,"column":16},"end":{"line":55,"column":17}},"loc":{"start":{"line":55,"column":27},"end":{"line":64,"column":3}},"line":55},"6":{"name":"(anonymous_6)","decl":{"start":{"line":66,"column":15},"end":{"line":66,"column":16}},"loc":{"start":{"line":66,"column":41},"end":{"line":78,"column":3}},"line":66},"7":{"name":"(anonymous_7)","decl":{"start":{"line":69,"column":17},"end":{"line":69,"column":18}},"loc":{"start":{"line":69,"column":23},"end":{"line":69,"column":47}},"line":69},"8":{"name":"(anonymous_8)","decl":{"start":{"line":80,"column":16},"end":{"line":80,"column":17}},"loc":{"start":{"line":80,"column":22},"end":{"line":80,"column":57}},"line":80},"9":{"name":"(anonymous_9)","decl":{"start":{"line":82,"column":2},"end":{"line":82,"column":3}},"loc":{"start":{"line":82,"column":11},"end":{"line":107,"column":3}},"line":82}},"branchMap":{"0":{"loc":{"start":{"line":49,"column":4},"end":{"line":52,"column":5}},"type":"if","locations":[{"start":{"line":49,"column":4},"end":{"line":52,"column":5}},{"start":{"line":49,"column":4},"end":{"line":52,"column":5}}],"line":49},"1":{"loc":{"start":{"line":56,"column":4},"end":{"line":58,"column":5}},"type":"if","locations":[{"start":{"line":56,"column":4},"end":{"line":58,"column":5}},{"start":{"line":56,"column":4},"end":{"line":58,"column":5}}],"line":56},"2":{"loc":{"start":{"line":86,"column":20},"end":{"line":86,"column":55}},"type":"cond-expr","locations":[{"start":{"line":86,"column":39},"end":{"line":86,"column":50}},{"start":{"line":86,"column":53},"end":{"line":86,"column":55}}],"line":86},"3":{"loc":{"start":{"line":90,"column":9},"end":{"line":90,"column":52}},"type":"binary-expr","locations":[{"start":{"line":90,"column":9},"end":{"line":90,"column":14}},{"start":{"line":90,"column":18},"end":{"line":90,"column":52}}],"line":90},"4":{"loc":{"start":{"line":94,"column":9},"end":{"line":104,"column":9}},"type":"cond-expr","locations":[{"start":{"line":94,"column":19},"end":{"line":94,"column":31}},{"start":{"line":96,"column":8},"end":{"line":103,"column":14}}],"line":94},"5":{"loc":{"start":{"line":100,"column":15},"end":{"line":100,"column":85}},"type":"cond-expr","locations":[{"start":{"line":100,"column":36},"end":{"line":100,"column":64}},{"start":{"line":100,"column":67},"end":{"line":100,"column":85}}],"line":100}},"s":{"0":0,"1":0,"2":0,"3":0,"4":0,"5":0,"6":0,"7":0,"8":0,"9":0,"10":0,"11":0,"12":0,"13":0,"14":0,"15":0,"16":0,"17":0,"18":0,"19":0,"20":0,"21":0,"22":0,"23":0,"24":0,"25":0,"26":0,"27":0,"28":0,"29":0,"30":0,"31":0},"f":{"0":0,"1":0,"2":0,"3":0,"4":0,"5":0,"6":0,"7":0,"8":0,"9":0},"b":{"0":[0,0],"1":[0,0],"2":[0,0],"3":[0,0],"4":[0,0],"5":[0,0]},"hash":"78f74f10bda02fef15bdea93b9be4de23b49e6f7"}
,"/Users/ainulya/Documents/Frontend/zomato/src/pages/Home/components/Detail.js": {"path":"/Users/ainulya/Documents/Frontend/zomato/src/pages/Home/components/Detail.js","statementMap":{"0":{"start":{"line":7,"column":18},"end":{"line":7,"column":28}},"1":{"start":{"line":9,"column":15},"end":{"line":23,"column":1}},"2":{"start":{"line":10,"column":28},"end":{"line":10,"column":33}},"3":{"start":{"line":11,"column":2},"end":{"line":13,"column":3}},"4":{"start":{"line":12,"column":4},"end":{"line":12,"column":24}},"5":{"start":{"line":14,"column":2},"end":{"line":22,"column":4}},"6":{"start":{"line":25,"column":0},"end":{"line":28,"column":2}},"7":{"start":{"line":30,"column":0},"end":{"line":33,"column":2}}},"fnMap":{"0":{"name":"(anonymous_0)","decl":{"start":{"line":9,"column":15},"end":{"line":9,"column":16}},"loc":{"start":{"line":9,"column":26},"end":{"line":23,"column":1}},"line":9}},"branchMap":{"0":{"loc":{"start":{"line":11,"column":2},"end":{"line":13,"column":3}},"type":"if","locations":[{"start":{"line":11,"column":2},"end":{"line":13,"column":3}},{"start":{"line":11,"column":2},"end":{"line":13,"column":3}}],"line":11}},"s":{"0":0,"1":0,"2":0,"3":0,"4":0,"5":0,"6":0,"7":0},"f":{"0":0},"b":{"0":[0,0]},"hash":"4ee97514075bf904955b7951d460917d1d50a90e"}
}
